START INSTANCE
6 x 5
plingo version 1.0
Reading from plingo/encoding.lp ...
OPTIMUM FOUND

Models       : 20035+
  Optimum    : yes
  Optimal    : 4975
Optimization : 1414690
Calls        : 6
CPU Time     : 0.386s


flow((6,5)): 0.88752


EXIT CODE 10

START INSTANCE
6 x 6
plingo version 1.0
Reading from plingo/encoding.lp ...
OPTIMUM FOUND

Models       : 20040+
  Optimum    : yes
  Optimal    : 1487
Optimization : 1477906
Calls        : 6
CPU Time     : 0.418s


flow((6,6)): 0.88864


EXIT CODE 10

START INSTANCE
7 x 4
plingo version 1.0
Reading from plingo/encoding.lp ...
OPTIMUM FOUND

Models       : 20032+
  Optimum    : yes
  Optimal    : 5658
Optimization : 1393618
Calls        : 6
CPU Time     : 0.373s


flow((7,4)): 0.88538


EXIT CODE 10

START INSTANCE
7 x 5
plingo version 1.0
Reading from plingo/encoding.lp ...
OPTIMUM FOUND

Models       : 20045+
  Optimum    : yes
  Optimal    : 2155
Optimization : 1467370
Calls        : 6
CPU Time     : 0.435s


flow((7,5)): 0.88846


EXIT CODE 10

START INSTANCE
7 x 6
plingo version 1.0
Reading from plingo/encoding.lp ...
OPTIMUM FOUND

Models       : 20046+
  Optimum    : yes
  Optimal    : 9052
Optimization : 1321400
Calls        : 5
CPU Time     : 0.388s


flow((7,6)): 0.89630


EXIT CODE 10

START INSTANCE
7 x 7
plingo version 1.0
Reading from plingo/encoding.lp ...
OPTIMUM FOUND

Models       : 20051+
  Optimum    : yes
  Optimal    : 8723
Optimization : 1395152
Calls        : 5
CPU Time     : 0.423s


flow((7,7)): 0.89635


EXIT CODE 10

START INSTANCE
8 x 4
plingo version 1.0
Reading from plingo/encoding.lp ...
OPTIMUM FOUND

Models       : 20039+
  Optimum    : yes
  Optimal    : 3583
Optimization : 1435762
Calls        : 6
CPU Time     : 0.427s


flow((8,4)): 0.88562


EXIT CODE 10

START INSTANCE
8 x 5
plingo version 1.0
Reading from plingo/encoding.lp ...
OPTIMUM FOUND

Models       : 20049+
  Optimum    : yes
  Optimal    : 9299
Optimization : 1300328
Calls        : 5
CPU Time     : 0.405s


flow((8,5)): 0.89562


EXIT CODE 10

START INSTANCE
8 x 6
plingo version 1.0
Reading from plingo/encoding.lp ...
OPTIMUM FOUND

Models       : 20057+
  Optimum    : yes
  Optimal    : 8773
Optimization : 1384616
Calls        : 5
CPU Time     : 0.422s


flow((8,6)): 0.89634


EXIT CODE 10

START INSTANCE
8 x 7
plingo version 1.0
Reading from plingo/encoding.lp ...
OPTIMUM FOUND

Models       : 20062+
  Optimum    : yes
  Optimal    : 8345
Optimization : 1468904
Calls        : 5
CPU Time     : 0.489s


flow((8,7)): 0.89644


EXIT CODE 10

START INSTANCE
8 x 8
plingo version 1.0
Reading from plingo/encoding.lp ...
OPTIMUM FOUND

Models       : 20072+
  Optimum    : yes
  Optimal    : 7853
Optimization : 1553192
Calls        : 5
CPU Time     : 0.525s


flow((8,8)): 0.89657


EXIT CODE 10

START INSTANCE
9 x 3
plingo version 1.0
Reading from plingo/encoding.lp ...
OPTIMUM FOUND

Models       : 20039+
  Optimum    : yes
  Optimal    : 3798
Optimization : 1383082
Calls        : 6
CPU Time     : 0.360s


flow((9,3)): 0.85403


EXIT CODE 10

START INSTANCE
9 x 4
plingo version 1.0
Reading from plingo/encoding.lp ...
OPTIMUM FOUND

Models       : 20039+
  Optimum    : yes
  Optimal    : 927
Optimization : 1477906
Calls        : 6
CPU Time     : 0.518s


flow((9,4)): 0.88587


EXIT CODE 10

START INSTANCE
9 x 5
plingo version 1.0
Reading from plingo/encoding.lp ...
OPTIMUM FOUND

Models       : 20056+
  Optimum    : yes
  Optimal    : 8917
Optimization : 1353008
Calls        : 5
CPU Time     : 0.394s


flow((9,5)): 0.89632


EXIT CODE 10

START INSTANCE
9 x 6
plingo version 1.0
Reading from plingo/encoding.lp ...
OPTIMUM FOUND

Models       : 20053+
  Optimum    : yes
  Optimal    : 8458
Optimization : 1447832
Calls        : 5
CPU Time     : 0.425s


flow((9,6)): 0.89641


EXIT CODE 10

START INSTANCE
9 x 7
plingo version 1.0
Reading from plingo/encoding.lp ...
OPTIMUM FOUND

Models       : 20072+
  Optimum    : yes
  Optimal    : 7918
Optimization : 1542656
Calls        : 5
CPU Time     : 0.499s


flow((9,7)): 0.89655


EXIT CODE 10

START INSTANCE
9 x 8
plingo version 1.0
Reading from plingo/encoding.lp ...
OPTIMUM FOUND

Models       : 20082+
  Optimum    : yes
  Optimal    : 7297
Optimization : 1637480
Calls        : 5
CPU Time     : 0.534s


flow((9,8)): 0.89672


EXIT CODE 10

START INSTANCE
9 x 9
plingo version 1.0
Reading from plingo/encoding.lp ...
OPTIMUM FOUND

Models       : 20088+
  Optimum    : yes
  Optimal    : 6595
Optimization : 1732304
Calls        : 5
CPU Time     : 0.648s


flow((9,9)): 0.89689


EXIT CODE 10

